<?xml version="1.0" encoding="UTF-8"?>
<!-- Generated by org.testng.reporters.JUnitReportReporter -->
<testsuite skipped="0" hostname="THEBOSS" name="com.appiumproject.driver.AppiumDriver" tests="1" failures="0" timestamp="30 Mar 2017 17:11:50 GMT" time="25.868" errors="0">
  <testcase name="StartChromeTest" time="25.868" classname="com.appiumproject.driver.AppiumDriver"/>
</testsuite> <!-- com.appiumproject.driver.AppiumDriver -->
